#
# There is insufficient memory for the Java Runtime Environment to continue.
# Native memory allocation (malloc) failed to allocate 2106096 bytes for Chunk::new
# Possible reasons:
#   The system is out of physical RAM or swap space
#   The process is running with CompressedOops enabled, and the Java Heap may be blocking the growth of the native heap
# Possible solutions:
#   Reduce memory load on the system
#   Increase physical memory or swap space
#   Check if swap backing store is full
#   Decrease Java heap size (-Xmx/-Xms)
#   Decrease number of Java threads
#   Decrease Java thread stack sizes (-Xss)
#   Set larger code cache with -XX:ReservedCodeCacheSize=
#   JVM is running with Unscaled Compressed Oops mode in which the Java heap is
#     placed in the first 4GB address space. The Java Heap base address is the
#     maximum limit for the native heap growth. Please use -XX:HeapBaseMinAddress
#     to set the Java Heap base and to place the Java Heap above 4GB virtual address.
# This output file may be truncated or incomplete.
#
#  Out of Memory Error (./src/hotspot/share/memory/arena.cpp:197), pid=13336, tid=14460
#
# JRE version: OpenJDK Runtime Environment (11.0.10) (build 11.0.10+0-b96-7249189)
# Java VM: OpenJDK 64-Bit Server VM (11.0.10+0-b96-7249189, mixed mode, tiered, compressed oops, g1 gc, windows-amd64)
# No core dump will be written. Minidumps are not enabled by default on client versions of Windows
#

---------------  S U M M A R Y ------------

Command Line: --add-opens=java.base/java.util=ALL-UNNAMED --add-opens=java.base/java.lang=ALL-UNNAMED --add-opens=java.base/java.lang.invoke=ALL-UNNAMED --add-opens=java.base/java.util=ALL-UNNAMED --add-opens=java.prefs/java.util.prefs=ALL-UNNAMED --add-opens=java.prefs/java.util.prefs=ALL-UNNAMED --add-opens=java.base/java.nio.charset=ALL-UNNAMED --add-opens=java.base/java.net=ALL-UNNAMED --add-opens=java.base/java.util.concurrent.atomic=ALL-UNNAMED -Xmx2048m -Dfile.encoding=UTF-8 -Duser.country=ES -Duser.language=es -Duser.variant org.gradle.launcher.daemon.bootstrap.GradleDaemon 7.0.2

Host: Intel(R) Core(TM) i3-7020U CPU @ 2.30GHz, 4 cores, 11G,  Windows 10 , 64 bit Build 19041 (10.0.19041.1741)
Time: Mon Jun 20 12:30:16 2022 Hora estándar de Argentina elapsed time: 285.133443 seconds (0d 0h 4m 45s)

---------------  T H R E A D  ---------------

Current thread (0x00000272d1431800):  JavaThread "C2 CompilerThread1" daemon [_thread_in_native, id=14460, stack(0x000000a8b2200000,0x000000a8b2300000)]


Current CompileTask:
C2: 285133 17813       4       org.gradle.api.internal.artifacts.transform.AttributeMatchingVariantSelector::doSelect (469 bytes)

Stack: [0x000000a8b2200000,0x000000a8b2300000]
Native frames: (J=compiled Java code, j=interpreted, Vv=VM code, C=native code)
V  [jvm.dll+0x5ecfaa]
V  [jvm.dll+0x722bd5]
V  [jvm.dll+0x72412d]
V  [jvm.dll+0x7247e3]
V  [jvm.dll+0x242928]
V  [jvm.dll+0xbc4fc]
V  [jvm.dll+0xbca0c]
V  [jvm.dll+0x352d3b]
V  [jvm.dll+0x320ad3]
V  [jvm.dll+0x31ffca]
V  [jvm.dll+0x1fb602]
V  [jvm.dll+0x1fa7f4]
V  [jvm.dll+0x18354c]
V  [jvm.dll+0x208ee7]
V  [jvm.dll+0x207731]
V  [jvm.dll+0x6eb1cf]
V  [jvm.dll+0x6e3d45]
V  [jvm.dll+0x5ebe96]
C  [ucrtbase.dll+0x21bb2]
C  [KERNEL32.DLL+0x17034]
C  [ntdll.dll+0x52651]


---------------  P R O C E S S  ---------------

Threads class SMR info:
_java_thread_list=0x00000272d78c9380, length=43, elements={
0x00000272b3c2c800, 0x00000272cffc1800, 0x00000272cffcb000, 0x00000272d0014800,
0x00000272d0016800, 0x00000272d0019800, 0x00000272cf7ad000, 0x00000272cf7ae800,
0x00000272cf7b2800, 0x00000272d0179800, 0x00000272d1347000, 0x00000272d1939000,
0x00000272d2cb8800, 0x00000272d25e8000, 0x00000272d25e5800, 0x00000272d25e6800,
0x00000272d25e5000, 0x00000272d25e7800, 0x00000272d25e2800, 0x00000272d25e9000,
0x00000272d34c8000, 0x00000272d34c6800, 0x00000272d34ca800, 0x00000272d34c5800,
0x00000272d1432800, 0x00000272d34c7000, 0x00000272d142d000, 0x00000272d25e4000,
0x00000272d142e800, 0x00000272d1428800, 0x00000272d1429800, 0x00000272d142d800,
0x00000272d1430000, 0x00000272d142b000, 0x00000272d142a800, 0x00000272d1435000,
0x00000272d1431800, 0x00000272d142f800, 0x00000272d1433800, 0x00000272d1436800,
0x00000272d1431000, 0x00000272d1437800, 0x00000272d34c9800
}

Java Threads: ( => current thread )
  0x00000272b3c2c800 JavaThread "main" [_thread_blocked, id=4600, stack(0x000000a8af800000,0x000000a8af900000)]
  0x00000272cffc1800 JavaThread "Reference Handler" daemon [_thread_blocked, id=236, stack(0x000000a8aff00000,0x000000a8b0000000)]
  0x00000272cffcb000 JavaThread "Finalizer" daemon [_thread_blocked, id=12348, stack(0x000000a8b0000000,0x000000a8b0100000)]
  0x00000272d0014800 JavaThread "Signal Dispatcher" daemon [_thread_blocked, id=6764, stack(0x000000a8b0100000,0x000000a8b0200000)]
  0x00000272d0016800 JavaThread "Attach Listener" daemon [_thread_blocked, id=3428, stack(0x000000a8b0200000,0x000000a8b0300000)]
  0x00000272d0019800 JavaThread "Service Thread" daemon [_thread_blocked, id=9748, stack(0x000000a8b0300000,0x000000a8b0400000)]
  0x00000272cf7ad000 JavaThread "C2 CompilerThread0" daemon [_thread_in_native, id=11280, stack(0x000000a8b0400000,0x000000a8b0500000)]
  0x00000272cf7ae800 JavaThread "C1 CompilerThread0" daemon [_thread_blocked, id=14708, stack(0x000000a8b0500000,0x000000a8b0600000)]
  0x00000272cf7b2800 JavaThread "Sweeper thread" daemon [_thread_blocked, id=15224, stack(0x000000a8b0600000,0x000000a8b0700000)]
  0x00000272d0179800 JavaThread "Common-Cleaner" daemon [_thread_blocked, id=4152, stack(0x000000a8b0700000,0x000000a8b0800000)]
  0x00000272d1347000 JavaThread "Daemon health stats" [_thread_blocked, id=10752, stack(0x000000a8b0d00000,0x000000a8b0e00000)]
  0x00000272d1939000 JavaThread "Incoming local TCP Connector on port 51448" [_thread_in_native, id=8016, stack(0x000000a8b0900000,0x000000a8b0a00000)]
  0x00000272d2cb8800 JavaThread "Daemon periodic checks" [_thread_blocked, id=13752, stack(0x000000a8b0e00000,0x000000a8b0f00000)]
  0x00000272d25e8000 JavaThread "Cache worker for file hash cache (C:\Users\leoba\.gradle\caches\7.0.2\fileHashes)" [_thread_blocked, id=12436, stack(0x000000a8b1100000,0x000000a8b1200000)]
  0x00000272d25e5800 JavaThread "File lock request listener" [_thread_in_native, id=10292, stack(0x000000a8b1700000,0x000000a8b1800000)]
  0x00000272d25e6800 JavaThread "Cache worker for journal cache (C:\Users\leoba\.gradle\caches\journal-1)" [_thread_blocked, id=12708, stack(0x000000a8b1800000,0x000000a8b1900000)]
  0x00000272d25e5000 JavaThread "File watcher server" daemon [_thread_in_native, id=9436, stack(0x000000a8b1b00000,0x000000a8b1c00000)]
  0x00000272d25e7800 JavaThread "File watcher consumer" daemon [_thread_blocked, id=12524, stack(0x000000a8b1c00000,0x000000a8b1d00000)]
  0x00000272d25e2800 JavaThread "jar transforms" [_thread_blocked, id=5040, stack(0x000000a8b1d00000,0x000000a8b1e00000)]
  0x00000272d25e9000 JavaThread "jar transforms Thread 2" [_thread_blocked, id=9520, stack(0x000000a8b1e00000,0x000000a8b1f00000)]
  0x00000272d34c8000 JavaThread "jar transforms Thread 3" [_thread_blocked, id=14892, stack(0x000000a8b1f00000,0x000000a8b2000000)]
  0x00000272d34c6800 JavaThread "jar transforms Thread 4" [_thread_blocked, id=2204, stack(0x000000a8b2000000,0x000000a8b2100000)]
  0x00000272d34ca800 JavaThread "Cache worker for execution history cache (C:\Users\leoba\.gradle\caches\7.0.2\executionHistory)" [_thread_blocked, id=14872, stack(0x000000a8b2400000,0x000000a8b2500000)]
  0x00000272d34c5800 JavaThread "Cache worker for file content cache (C:\Users\leoba\.gradle\caches\7.0.2\fileContent)" [_thread_blocked, id=10992, stack(0x000000a8b2500000,0x000000a8b2600000)]
  0x00000272d1432800 JavaThread "Memory manager" [_thread_blocked, id=12080, stack(0x000000a8b2d00000,0x000000a8b2e00000)]
  0x00000272d34c7000 JavaThread "Daemon Thread 2" [_thread_blocked, id=9644, stack(0x000000a8af500000,0x000000a8af600000)]
  0x00000272d142d000 JavaThread "Daemon worker Thread 2" [_thread_in_vm, id=6980, stack(0x000000a8b1200000,0x000000a8b1300000)]
  0x00000272d25e4000 JavaThread "Handler for socket connection from /127.0.0.1:51448 to /127.0.0.1:51493" [_thread_in_native, id=8052, stack(0x000000a8af700000,0x000000a8af800000)]
  0x00000272d142e800 JavaThread "Cancel handler" [_thread_blocked, id=2288, stack(0x000000a8b0f00000,0x000000a8b1000000)]
  0x00000272d1428800 JavaThread "Asynchronous log dispatcher for DefaultDaemonConnection: socket connection from /127.0.0.1:51448 to /127.0.0.1:51493" [_thread_blocked, id=8056, stack(0x000000a8b1300000,0x000000a8b1400000)]
  0x00000272d1429800 JavaThread "Stdin handler" [_thread_blocked, id=3264, stack(0x000000a8b1400000,0x000000a8b1500000)]
  0x00000272d142d800 JavaThread "Daemon client event forwarder" [_thread_blocked, id=10204, stack(0x000000a8b1500000,0x000000a8b1600000)]
  0x00000272d1430000 JavaThread "Cache worker for file hash cache (C:\Users\leoba\AndroidStudioProjects\TextRecognizer\MapinsideFragment\.gradle\7.0.2\fileHashes)" [_thread_blocked, id=3872, stack(0x000000a8b1600000,0x000000a8b1700000)]
  0x00000272d142b000 JavaThread "Cache worker for checksums cache (C:\Users\leoba\AndroidStudioProjects\TextRecognizer\MapinsideFragment\.gradle\checksums)" [_thread_blocked, id=8724, stack(0x000000a8b1900000,0x000000a8b1a00000)]
  0x00000272d142a800 JavaThread "Cache worker for cache directory md-supplier (C:\Users\leoba\.gradle\caches\7.0.2\md-supplier)" [_thread_blocked, id=12412, stack(0x000000a8b1a00000,0x000000a8b1b00000)]
  0x00000272d1435000 JavaThread "Cache worker for cache directory md-rule (C:\Users\leoba\.gradle\caches\7.0.2\md-rule)" [_thread_blocked, id=8712, stack(0x000000a8b2100000,0x000000a8b2200000)]
=>0x00000272d1431800 JavaThread "C2 CompilerThread1" daemon [_thread_in_native, id=14460, stack(0x000000a8b2200000,0x000000a8b2300000)]
  0x00000272d142f800 JavaThread "Cache worker for dependencies-accessors (C:\Users\leoba\AndroidStudioProjects\TextRecognizer\MapinsideFragment\.gradle\7.0.2\dependencies-accessors)" [_thread_blocked, id=928, stack(0x000000a8b2300000,0x000000a8b2400000)]
  0x00000272d1433800 JavaThread "Cache worker for Build Output Cleanup Cache (C:\Users\leoba\AndroidStudioProjects\TextRecognizer\MapinsideFragment\.gradle\buildOutputCleanup)" [_thread_blocked, id=8388, stack(0x000000a8b2600000,0x000000a8b2700000)]
  0x00000272d1436800 JavaThread "Build operations" [_thread_blocked, id=13668, stack(0x000000a8b2700000,0x000000a8b2800000)]
  0x00000272d1431000 JavaThread "Build operations Thread 2" [_thread_blocked, id=8616, stack(0x000000a8b2800000,0x000000a8b2900000)]
  0x00000272d1437800 JavaThread "Build operations Thread 3" [_thread_blocked, id=14372, stack(0x000000a8b2900000,0x000000a8b2a00000)]
  0x00000272d34c9800 JavaThread "Build operations Thread 4" [_thread_blocked, id=8868, stack(0x000000a8b2a00000,0x000000a8b2b00000)]

Other Threads:
  0x00000272cf7a0800 VMThread "VM Thread" [stack: 0x000000a8afe00000,0x000000a8aff00000] [id=9356]
  0x00000272d0224000 WatcherThread [stack: 0x000000a8b0800000,0x000000a8b0900000] [id=7464]
  0x00000272b3c46000 GCTaskThread "GC Thread#0" [stack: 0x000000a8af900000,0x000000a8afa00000] [id=2236]
  0x00000272d0a66000 GCTaskThread "GC Thread#1" [stack: 0x000000a8b0a00000,0x000000a8b0b00000] [id=12832]
  0x00000272d0d0b000 GCTaskThread "GC Thread#2" [stack: 0x000000a8b0b00000,0x000000a8b0c00000] [id=7004]
  0x00000272d0d0c000 GCTaskThread "GC Thread#3" [stack: 0x000000a8b0c00000,0x000000a8b0d00000] [id=12692]
  0x00000272b3c77800 ConcurrentGCThread "G1 Main Marker" [stack: 0x000000a8afa00000,0x000000a8afb00000] [id=11692]
  0x00000272b3c7a000 ConcurrentGCThread "G1 Conc#0" [stack: 0x000000a8afb00000,0x000000a8afc00000] [id=1292]
  0x00000272b3d0d800 ConcurrentGCThread "G1 Refine#0" [stack: 0x000000a8afc00000,0x000000a8afd00000] [id=5512]
  0x00000272cf5f0800 ConcurrentGCThread "G1 Young RemSet Sampling" [stack: 0x000000a8afd00000,0x000000a8afe00000] [id=5428]

Threads with active compile tasks:
C2 CompilerThread0 285176 17807       4       org.gradle.api.internal.artifacts.result.DefaultResolutionResult::eachElement (92 bytes)
C2 CompilerThread1 285176 17813       4       org.gradle.api.internal.artifacts.transform.AttributeMatchingVariantSelector::doSelect (469 bytes)

VM state:not at safepoint (normal execution)

VM Mutex/Monitor currently owned by a thread: None

Heap address: 0x0000000080000000, size: 2048 MB, Compressed Oops mode: 32-bit
Narrow klass base: 0x0000000000000000, Narrow klass shift: 3
Compressed class space size: 1073741824 Address: 0x0000000100000000

Heap:
 garbage-first heap   total 196608K, used 154811K [0x0000000080000000, 0x0000000100000000)
  region size 1024K, 21 young (21504K), 4 survivors (4096K)
 Metaspace       used 119556K, capacity 123267K, committed 123520K, reserved 1157120K
  class space    used 15074K, capacity 16390K, committed 16512K, reserved 1048576K
Heap Regions: E=young(eden), S=young(survivor), O=old, HS=humongous(starts), HC=humongous(continues), CS=collection set, F=free, A=archive, TAMS=top-at-mark-start (previous, next)
|   0|0x0000000080000000, 0x0000000080100000, 0x0000000080100000|100%| O|  |TAMS 0x0000000080100000, 0x0000000080000000| Untracked 
|   1|0x0000000080100000, 0x0000000080200000, 0x0000000080200000|100%| O|  |TAMS 0x0000000080200000, 0x0000000080100000| Untracked 
|   2|0x0000000080200000, 0x0000000080300000, 0x0000000080300000|100%| O|  |TAMS 0x0000000080300000, 0x0000000080200000| Complete 
|   3|0x0000000080300000, 0x0000000080400000, 0x0000000080400000|100%|HS|  |TAMS 0x0000000080400000, 0x0000000080300000| Complete 
|   4|0x0000000080400000, 0x0000000080500000, 0x0000000080500000|100%|HC|  |TAMS 0x0000000080500000, 0x0000000080400000| Complete 
|   5|0x0000000080500000, 0x0000000080600000, 0x0000000080600000|100%|HC|  |TAMS 0x0000000080600000, 0x0000000080500000| Complete 
|   6|0x0000000080600000, 0x0000000080700000, 0x0000000080700000|100%| O|  |TAMS 0x0000000080700000, 0x0000000080600000| Untracked 
|   7|0x0000000080700000, 0x0000000080800000, 0x0000000080800000|100%| O|  |TAMS 0x0000000080800000, 0x0000000080700000| Untracked 
|   8|0x0000000080800000, 0x0000000080900000, 0x0000000080900000|100%| O|  |TAMS 0x0000000080900000, 0x0000000080800000| Untracked 
|   9|0x0000000080900000, 0x0000000080a00000, 0x0000000080a00000|100%|HS|  |TAMS 0x0000000080a00000, 0x0000000080900000| Complete 
|  10|0x0000000080a00000, 0x0000000080b00000, 0x0000000080b00000|100%|HC|  |TAMS 0x0000000080b00000, 0x0000000080a00000| Complete 
|  11|0x0000000080b00000, 0x0000000080c00000, 0x0000000080c00000|100%|HS|  |TAMS 0x0000000080c00000, 0x0000000080b00000| Complete 
|  12|0x0000000080c00000, 0x0000000080d00000, 0x0000000080d00000|100%|HC|  |TAMS 0x0000000080d00000, 0x0000000080c00000| Complete 
|  13|0x0000000080d00000, 0x0000000080e00000, 0x0000000080e00000|100%|HC|  |TAMS 0x0000000080e00000, 0x0000000080d00000| Complete 
|  14|0x0000000080e00000, 0x0000000080f00000, 0x0000000080f00000|100%|HS|  |TAMS 0x0000000080f00000, 0x0000000080e00000| Complete 
|  15|0x0000000080f00000, 0x0000000081000000, 0x0000000081000000|100%|HC|  |TAMS 0x0000000081000000, 0x0000000080f00000| Complete 
|  16|0x0000000081000000, 0x0000000081100000, 0x0000000081100000|100%|HC|  |TAMS 0x0000000081100000, 0x0000000081000000| Complete 
|  17|0x0000000081100000, 0x0000000081200000, 0x0000000081200000|100%|HC|  |TAMS 0x0000000081200000, 0x0000000081100000| Complete 
|  18|0x0000000081200000, 0x0000000081300000, 0x0000000081300000|100%|HC|  |TAMS 0x0000000081300000, 0x0000000081200000| Complete 
|  19|0x0000000081300000, 0x0000000081400000, 0x0000000081400000|100%| O|  |TAMS 0x0000000081400000, 0x0000000081300000| Untracked 
|  20|0x0000000081400000, 0x0000000081500000, 0x0000000081500000|100%| O|  |TAMS 0x0000000081500000, 0x0000000081400000| Untracked 
|  21|0x0000000081500000, 0x0000000081600000, 0x0000000081600000|100%| O|  |TAMS 0x0000000081600000, 0x0000000081500000| Untracked 
|  22|0x0000000081600000, 0x0000000081700000, 0x0000000081700000|100%| O|  |TAMS 0x0000000081700000, 0x0000000081600000| Untracked 
|  23|0x0000000081700000, 0x0000000081800000, 0x0000000081800000|100%| O|  |TAMS 0x0000000081800000, 0x0000000081700000| Untracked 
|  24|0x0000000081800000, 0x0000000081900000, 0x0000000081900000|100%| O|  |TAMS 0x0000000081900000, 0x0000000081800000| Untracked 
|  25|0x0000000081900000, 0x0000000081a00000, 0x0000000081a00000|100%| O|  |TAMS 0x0000000081a00000, 0x0000000081900000| Untracked 
|  26|0x0000000081a00000, 0x0000000081b00000, 0x0000000081b00000|100%| O|  |TAMS 0x0000000081b00000, 0x0000000081a00000| Untracked 
|  27|0x0000000081b00000, 0x0000000081c00000, 0x0000000081c00000|100%|HS|  |TAMS 0x0000000081c00000, 0x0000000081b00000| Complete 
|  28|0x0000000081c00000, 0x0000000081d00000, 0x0000000081d00000|100%|HC|  |TAMS 0x0000000081d00000, 0x0000000081c00000| Complete 
|  29|0x0000000081d00000, 0x0000000081e00000, 0x0000000081e00000|100%|HC|  |TAMS 0x0000000081e00000, 0x0000000081d00000| Complete 
|  30|0x0000000081e00000, 0x0000000081f00000, 0x0000000081f00000|100%|HS|  |TAMS 0x0000000081f00000, 0x0000000081e00000| Complete 
|  31|0x0000000081f00000, 0x0000000082000000, 0x0000000082000000|100%|HC|  |TAMS 0x0000000082000000, 0x0000000081f00000| Complete 
|  32|0x0000000082000000, 0x0000000082100000, 0x0000000082100000|100%|HC|  |TAMS 0x0000000082100000, 0x0000000082000000| Complete 
|  33|0x0000000082100000, 0x0000000082200000, 0x0000000082200000|100%|HC|  |TAMS 0x0000000082200000, 0x0000000082100000| Complete 
|  34|0x0000000082200000, 0x0000000082300000, 0x0000000082300000|100%|HC|  |TAMS 0x0000000082300000, 0x0000000082200000| Complete 
|  35|0x0000000082300000, 0x0000000082400000, 0x0000000082400000|100%| O|  |TAMS 0x0000000082400000, 0x0000000082300000| Untracked 
|  36|0x0000000082400000, 0x0000000082500000, 0x0000000082500000|100%| O|  |TAMS 0x0000000082500000, 0x0000000082400000| Untracked 
|  37|0x0000000082500000, 0x0000000082600000, 0x0000000082600000|100%| O|  |TAMS 0x0000000082600000, 0x0000000082500000| Untracked 
|  38|0x0000000082600000, 0x0000000082700000, 0x0000000082700000|100%| O|  |TAMS 0x0000000082700000, 0x0000000082600000| Complete 
|  39|0x0000000082700000, 0x0000000082800000, 0x0000000082800000|100%| O|  |TAMS 0x0000000082800000, 0x0000000082700000| Complete 
|  40|0x0000000082800000, 0x0000000082900000, 0x0000000082900000|100%| O|  |TAMS 0x0000000082900000, 0x0000000082800000| Untracked 
|  41|0x0000000082900000, 0x0000000082a00000, 0x0000000082a00000|100%| O|  |TAMS 0x0000000082a00000, 0x0000000082900000| Untracked 
|  42|0x0000000082a00000, 0x0000000082b00000, 0x0000000082b00000|100%| O|  |TAMS 0x0000000082b00000, 0x0000000082a00000| Untracked 
|  43|0x0000000082b00000, 0x0000000082c00000, 0x0000000082c00000|100%| O|  |TAMS 0x0000000082c00000, 0x0000000082b00000| Untracked 
|  44|0x0000000082c00000, 0x0000000082d00000, 0x0000000082d00000|100%| O|  |TAMS 0x0000000082d00000, 0x0000000082c00000| Complete 
|  45|0x0000000082d00000, 0x0000000082e00000, 0x0000000082e00000|100%| O|  |TAMS 0x0000000082e00000, 0x0000000082d00000| Untracked 
|  46|0x0000000082e00000, 0x0000000082f00000, 0x0000000082f00000|100%| O|  |TAMS 0x0000000082f00000, 0x0000000082e00000| Untracked 
|  47|0x0000000082f00000, 0x0000000083000000, 0x0000000083000000|100%| O|  |TAMS 0x0000000083000000, 0x0000000082f00000| Untracked 
|  48|0x0000000083000000, 0x0000000083100000, 0x0000000083100000|100%| O|  |TAMS 0x0000000083100000, 0x0000000083000000| Untracked 
|  49|0x0000000083100000, 0x0000000083200000, 0x0000000083200000|100%| O|  |TAMS 0x0000000083200000, 0x0000000083100000| Untracked 
|  50|0x0000000083200000, 0x0000000083300000, 0x0000000083300000|100%| O|  |TAMS 0x0000000083300000, 0x0000000083200000| Complete 
|  51|0x0000000083300000, 0x0000000083400000, 0x0000000083400000|100%| O|  |TAMS 0x0000000083400000, 0x0000000083300000| Untracked 
|  52|0x0000000083400000, 0x0000000083500000, 0x0000000083500000|100%| O|  |TAMS 0x0000000083500000, 0x0000000083400000| Untracked 
|  53|0x0000000083500000, 0x0000000083600000, 0x0000000083600000|100%| O|  |TAMS 0x0000000083600000, 0x0000000083500000| Untracked 
|  54|0x0000000083600000, 0x0000000083700000, 0x0000000083700000|100%| O|  |TAMS 0x0000000083700000, 0x0000000083600000| Untracked 
|  55|0x0000000083700000, 0x0000000083800000, 0x0000000083800000|100%| O|  |TAMS 0x0000000083800000, 0x0000000083700000| Complete 
|  56|0x0000000083800000, 0x0000000083900000, 0x0000000083900000|100%|HS|  |TAMS 0x0000000083900000, 0x0000000083800000| Complete 
|  57|0x0000000083900000, 0x0000000083a00000, 0x0000000083a00000|100%|HS|  |TAMS 0x0000000083a00000, 0x0000000083900000| Complete 
|  58|0x0000000083a00000, 0x0000000083b00000, 0x0000000083b00000|100%|HS|  |TAMS 0x0000000083b00000, 0x0000000083a00000| Complete 
|  59|0x0000000083b00000, 0x0000000083c00000, 0x0000000083c00000|100%|HS|  |TAMS 0x0000000083c00000, 0x0000000083b00000| Complete 
|  60|0x0000000083c00000, 0x0000000083d00000, 0x0000000083d00000|100%|HC|  |TAMS 0x0000000083d00000, 0x0000000083c00000| Complete 
|  61|0x0000000083d00000, 0x0000000083e00000, 0x0000000083e00000|100%|HC|  |TAMS 0x0000000083e00000, 0x0000000083d00000| Complete 
|  62|0x0000000083e00000, 0x0000000083f00000, 0x0000000083f00000|100%|HS|  |TAMS 0x0000000083f00000, 0x0000000083e00000| Complete 
|  63|0x0000000083f00000, 0x0000000084000000, 0x0000000084000000|100%|HC|  |TAMS 0x0000000084000000, 0x0000000083f00000| Complete 
|  64|0x0000000084000000, 0x0000000084100000, 0x0000000084100000|100%| O|  |TAMS 0x0000000084100000, 0x0000000084000000| Complete 
|  65|0x0000000084100000, 0x0000000084200000, 0x0000000084200000|100%| O|  |TAMS 0x0000000084200000, 0x0000000084100000| Complete 
|  66|0x0000000084200000, 0x0000000084300000, 0x0000000084300000|100%| O|  |TAMS 0x0000000084300000, 0x0000000084200000| Complete 
|  67|0x0000000084300000, 0x0000000084400000, 0x0000000084400000|100%| O|  |TAMS 0x0000000084400000, 0x0000000084300000| Complete 
|  68|0x0000000084400000, 0x0000000084500000, 0x0000000084500000|100%| O|  |TAMS 0x0000000084500000, 0x0000000084400000| Complete 
|  69|0x0000000084500000, 0x0000000084600000, 0x0000000084600000|100%| O|  |TAMS 0x0000000084600000, 0x0000000084500000| Complete 
|  70|0x0000000084600000, 0x0000000084700000, 0x0000000084700000|100%| O|  |TAMS 0x0000000084700000, 0x0000000084600000| Untracked 
|  71|0x0000000084700000, 0x0000000084800000, 0x0000000084800000|100%| O|  |TAMS 0x0000000084800000, 0x0000000084700000| Untracked 
|  72|0x0000000084800000, 0x0000000084900000, 0x0000000084900000|100%| O|  |TAMS 0x0000000084900000, 0x0000000084800000| Complete 
|  73|0x0000000084900000, 0x0000000084a00000, 0x0000000084a00000|100%| O|  |TAMS 0x0000000084a00000, 0x0000000084900000| Complete 
|  74|0x0000000084a00000, 0x0000000084b00000, 0x0000000084b00000|100%| O|  |TAMS 0x0000000084b00000, 0x0000000084a00000| Untracked 
|  75|0x0000000084b00000, 0x0000000084c00000, 0x0000000084c00000|100%| O|  |TAMS 0x0000000084c00000, 0x0000000084b00000| Complete 
|  76|0x0000000084c00000, 0x0000000084d00000, 0x0000000084d00000|100%| O|  |TAMS 0x0000000084d00000, 0x0000000084c00000| Untracked 
|  77|0x0000000084d00000, 0x0000000084e00000, 0x0000000084e00000|100%| O|  |TAMS 0x0000000084e00000, 0x0000000084d00000| Complete 
|  78|0x0000000084e00000, 0x0000000084f00000, 0x0000000084f00000|100%| O|  |TAMS 0x0000000084f00000, 0x0000000084e00000| Complete 
|  79|0x0000000084f00000, 0x0000000085000000, 0x0000000085000000|100%| O|  |TAMS 0x0000000085000000, 0x0000000084f00000| Complete 
|  80|0x0000000085000000, 0x0000000085100000, 0x0000000085100000|100%| O|  |TAMS 0x0000000085100000, 0x0000000085000000| Complete 
|  81|0x0000000085100000, 0x0000000085200000, 0x0000000085200000|100%| O|  |TAMS 0x0000000085200000, 0x0000000085100000| Untracked 
|  82|0x0000000085200000, 0x0000000085300000, 0x0000000085300000|100%| O|  |TAMS 0x0000000085300000, 0x0000000085200000| Untracked 
|  83|0x0000000085300000, 0x0000000085400000, 0x0000000085400000|100%| O|  |TAMS 0x0000000085400000, 0x0000000085300000| Untracked 
|  84|0x0000000085400000, 0x0000000085500000, 0x0000000085500000|100%| O|  |TAMS 0x0000000085500000, 0x0000000085400000| Complete 
|  85|0x0000000085500000, 0x0000000085600000, 0x0000000085600000|100%| O|  |TAMS 0x0000000085600000, 0x0000000085500000| Untracked 
|  86|0x0000000085600000, 0x0000000085700000, 0x0000000085700000|100%| O|  |TAMS 0x0000000085700000, 0x0000000085600000| Complete 
|  87|0x0000000085700000, 0x0000000085800000, 0x0000000085800000|100%| O|  |TAMS 0x0000000085800000, 0x0000000085700000| Untracked 
|  88|0x0000000085800000, 0x0000000085900000, 0x0000000085900000|100%| O|  |TAMS 0x0000000085900000, 0x0000000085800000| Untracked 
|  89|0x0000000085900000, 0x0000000085a00000, 0x0000000085a00000|100%| O|  |TAMS 0x0000000085a00000, 0x0000000085900000| Untracked 
|  90|0x0000000085a00000, 0x0000000085b00000, 0x0000000085b00000|100%| O|  |TAMS 0x0000000085b00000, 0x0000000085a00000| Untracked 
|  91|0x0000000085b00000, 0x0000000085c00000, 0x0000000085c00000|100%| O|  |TAMS 0x0000000085c00000, 0x0000000085b00000| Complete 
|  92|0x0000000085c00000, 0x0000000085d00000, 0x0000000085d00000|100%| O|  |TAMS 0x0000000085d00000, 0x0000000085c00000| Untracked 
|  93|0x0000000085d00000, 0x0000000085e00000, 0x0000000085e00000|100%| O|  |TAMS 0x0000000085e00000, 0x0000000085d00000| Complete 
|  94|0x0000000085e00000, 0x0000000085f00000, 0x0000000085f00000|100%| O|  |TAMS 0x0000000085f00000, 0x0000000085e00000| Complete 
|  95|0x0000000085f00000, 0x0000000086000000, 0x0000000086000000|100%| O|  |TAMS 0x0000000086000000, 0x0000000085f00000| Complete 
|  96|0x0000000086000000, 0x0000000086100000, 0x0000000086100000|100%| O|  |TAMS 0x0000000086100000, 0x0000000086000000| Untracked 
|  97|0x0000000086100000, 0x0000000086200000, 0x0000000086200000|100%| O|  |TAMS 0x0000000086200000, 0x0000000086100000| Complete 
|  98|0x0000000086200000, 0x0000000086300000, 0x0000000086300000|100%| O|  |TAMS 0x0000000086300000, 0x0000000086200000| Complete 
|  99|0x0000000086300000, 0x0000000086400000, 0x0000000086400000|100%| O|  |TAMS 0x0000000086400000, 0x0000000086300000| Untracked 
| 100|0x0000000086400000, 0x0000000086500000, 0x0000000086500000|100%| O|  |TAMS 0x0000000086500000, 0x0000000086400000| Untracked 
| 101|0x0000000086500000, 0x0000000086600000, 0x0000000086600000|100%| O|  |TAMS 0x0000000086600000, 0x0000000086500000| Complete 
| 102|0x0000000086600000, 0x0000000086700000, 0x0000000086700000|100%| O|  |TAMS 0x0000000086700000, 0x0000000086600000| Complete 
| 103|0x0000000086700000, 0x0000000086800000, 0x0000000086800000|100%| O|  |TAMS 0x0000000086800000, 0x0000000086700000| Complete 
| 104|0x0000000086800000, 0x0000000086900000, 0x0000000086900000|100%| O|  |TAMS 0x0000000086900000, 0x0000000086800000| Complete 
| 105|0x0000000086900000, 0x0000000086a00000, 0x0000000086a00000|100%| O|  |TAMS 0x0000000086a00000, 0x0000000086900000| Untracked 
| 106|0x0000000086a00000, 0x0000000086b00000, 0x0000000086b00000|100%| O|  |TAMS 0x0000000086b00000, 0x0000000086a00000| Untracked 
| 107|0x0000000086b00000, 0x0000000086c00000, 0x0000000086c00000|100%| O|  |TAMS 0x0000000086c00000, 0x0000000086b00000| Complete 
| 108|0x0000000086c00000, 0x0000000086d00000, 0x0000000086d00000|100%| O|  |TAMS 0x0000000086d00000, 0x0000000086c00000| Complete 
| 109|0x0000000086d00000, 0x0000000086e00000, 0x0000000086e00000|100%| O|  |TAMS 0x0000000086e00000, 0x0000000086d00000| Untracked 
| 110|0x0000000086e00000, 0x0000000086f00000, 0x0000000086f00000|100%| O|  |TAMS 0x0000000086f00000, 0x0000000086e00000| Complete 
| 111|0x0000000086f00000, 0x0000000087000000, 0x0000000087000000|100%| O|  |TAMS 0x0000000087000000, 0x0000000086f00000| Untracked 
| 112|0x0000000087000000, 0x0000000087100000, 0x0000000087100000|100%| O|  |TAMS 0x0000000087100000, 0x0000000087000000| Complete 
| 113|0x0000000087100000, 0x0000000087200000, 0x0000000087200000|100%| O|  |TAMS 0x0000000087200000, 0x0000000087100000| Complete 
| 114|0x0000000087200000, 0x0000000087300000, 0x0000000087300000|100%| O|  |TAMS 0x0000000087300000, 0x0000000087200000| Complete 
| 115|0x0000000087300000, 0x0000000087400000, 0x0000000087400000|100%| O|  |TAMS 0x0000000087400000, 0x0000000087300000| Complete 
| 116|0x0000000087400000, 0x0000000087500000, 0x0000000087500000|100%| O|  |TAMS 0x0000000087500000, 0x0000000087400000| Complete 
| 117|0x0000000087500000, 0x0000000087500000, 0x0000000087600000|  0%| F|  |TAMS 0x0000000087500000, 0x0000000087500000| Untracked 
| 118|0x0000000087600000, 0x0000000087700000, 0x0000000087700000|100%| O|  |TAMS 0x0000000087700000, 0x0000000087600000| Complete 
| 119|0x0000000087700000, 0x0000000087800000, 0x0000000087800000|100%| O|  |TAMS 0x0000000087800000, 0x0000000087700000| Complete 
| 120|0x0000000087800000, 0x0000000087900000, 0x0000000087900000|100%| O|  |TAMS 0x0000000087900000, 0x0000000087800000| Untracked 
| 121|0x0000000087900000, 0x00000000879d2e00, 0x0000000087a00000| 82%| O|  |TAMS 0x00000000879d2e00, 0x0000000087900000| Untracked 
| 122|0x0000000087a00000, 0x0000000087b00000, 0x0000000087b00000|100%| O|  |TAMS 0x0000000087b00000, 0x0000000087a00000| Complete 
| 123|0x0000000087b00000, 0x0000000087c00000, 0x0000000087c00000|100%| O|  |TAMS 0x0000000087c00000, 0x0000000087b00000| Complete 
| 124|0x0000000087c00000, 0x0000000087d00000, 0x0000000087d00000|100%| O|  |TAMS 0x0000000087d00000, 0x0000000087c00000| Complete 
| 125|0x0000000087d00000, 0x0000000087e00000, 0x0000000087e00000|100%| O|  |TAMS 0x0000000087e00000, 0x0000000087d00000| Complete 
| 126|0x0000000087e00000, 0x0000000087e00000, 0x0000000087f00000|  0%| F|  |TAMS 0x0000000087e00000, 0x0000000087e00000| Untracked 
| 127|0x0000000087f00000, 0x0000000087f00000, 0x0000000088000000|  0%| F|  |TAMS 0x0000000087f00000, 0x0000000087f00000| Untracked 
| 128|0x0000000088000000, 0x0000000088000000, 0x0000000088100000|  0%| F|  |TAMS 0x0000000088000000, 0x0000000088000000| Untracked 
| 129|0x0000000088100000, 0x0000000088100000, 0x0000000088200000|  0%| F|  |TAMS 0x0000000088100000, 0x0000000088100000| Untracked 
| 130|0x0000000088200000, 0x0000000088200000, 0x0000000088300000|  0%| F|  |TAMS 0x0000000088200000, 0x0000000088200000| Untracked 
| 131|0x0000000088300000, 0x0000000088400000, 0x0000000088400000|100%| O|  |TAMS 0x0000000088400000, 0x0000000088300000| Complete 
| 132|0x0000000088400000, 0x0000000088400000, 0x0000000088500000|  0%| F|  |TAMS 0x0000000088400000, 0x0000000088400000| Untracked 
| 133|0x0000000088500000, 0x0000000088500000, 0x0000000088600000|  0%| F|  |TAMS 0x0000000088500000, 0x0000000088500000| Untracked 
| 134|0x0000000088600000, 0x0000000088600000, 0x0000000088700000|  0%| F|  |TAMS 0x0000000088600000, 0x0000000088600000| Untracked 
| 135|0x0000000088700000, 0x0000000088700000, 0x0000000088800000|  0%| F|  |TAMS 0x0000000088700000, 0x0000000088700000| Untracked 
| 136|0x0000000088800000, 0x0000000088800000, 0x0000000088900000|  0%| F|  |TAMS 0x0000000088800000, 0x0000000088800000| Untracked 
| 137|0x0000000088900000, 0x0000000088a00000, 0x0000000088a00000|100%| O|  |TAMS 0x0000000088a00000, 0x0000000088900000| Complete 
| 138|0x0000000088a00000, 0x0000000088b00000, 0x0000000088b00000|100%| O|  |TAMS 0x0000000088b00000, 0x0000000088a00000| Untracked 
| 139|0x0000000088b00000, 0x0000000088c00000, 0x0000000088c00000|100%| O|  |TAMS 0x0000000088c00000, 0x0000000088b00000| Untracked 
| 140|0x0000000088c00000, 0x0000000088d00000, 0x0000000088d00000|100%| O|  |TAMS 0x0000000088d00000, 0x0000000088c00000| Untracked 
| 141|0x0000000088d00000, 0x0000000088e00000, 0x0000000088e00000|100%| O|  |TAMS 0x0000000088e00000, 0x0000000088d00000| Complete 
| 142|0x0000000088e00000, 0x0000000088f00000, 0x0000000088f00000|100%| O|  |TAMS 0x0000000088f00000, 0x0000000088e00000| Complete 
| 143|0x0000000088f00000, 0x0000000088f00000, 0x0000000089000000|  0%| F|  |TAMS 0x0000000088f00000, 0x0000000088f00000| Untracked 
| 144|0x0000000089000000, 0x0000000089000000, 0x0000000089100000|  0%| F|  |TAMS 0x0000000089000000, 0x0000000089000000| Untracked 
| 145|0x0000000089100000, 0x0000000089100000, 0x0000000089200000|  0%| F|  |TAMS 0x0000000089100000, 0x0000000089100000| Untracked 
| 146|0x0000000089200000, 0x0000000089200000, 0x0000000089300000|  0%| F|  |TAMS 0x0000000089200000, 0x0000000089200000| Untracked 
| 147|0x0000000089300000, 0x0000000089300000, 0x0000000089400000|  0%| F|  |TAMS 0x0000000089300000, 0x0000000089300000| Untracked 
| 148|0x0000000089400000, 0x0000000089400000, 0x0000000089500000|  0%| F|  |TAMS 0x0000000089400000, 0x0000000089400000| Untracked 
| 149|0x0000000089500000, 0x0000000089500000, 0x0000000089600000|  0%| F|  |TAMS 0x0000000089500000, 0x0000000089500000| Untracked 
| 150|0x0000000089600000, 0x0000000089600000, 0x0000000089700000|  0%| F|  |TAMS 0x0000000089600000, 0x0000000089600000| Untracked 
| 151|0x0000000089700000, 0x0000000089700000, 0x0000000089800000|  0%| F|  |TAMS 0x0000000089700000, 0x0000000089700000| Untracked 
| 152|0x0000000089800000, 0x0000000089800000, 0x0000000089900000|  0%| F|  |TAMS 0x0000000089800000, 0x0000000089800000| Untracked 
| 153|0x0000000089900000, 0x0000000089900000, 0x0000000089a00000|  0%| F|  |TAMS 0x0000000089900000, 0x0000000089900000| Untracked 
| 154|0x0000000089a00000, 0x0000000089a00000, 0x0000000089b00000|  0%| F|  |TAMS 0x0000000089a00000, 0x0000000089a00000| Untracked 
| 155|0x0000000089b00000, 0x0000000089b5bea0, 0x0000000089c00000| 35%| S|CS|TAMS 0x0000000089b00000, 0x0000000089b00000| Complete 
| 156|0x0000000089c00000, 0x0000000089d00000, 0x0000000089d00000|100%| S|CS|TAMS 0x0000000089c00000, 0x0000000089c00000| Complete 
| 157|0x0000000089d00000, 0x0000000089e00000, 0x0000000089e00000|100%| S|CS|TAMS 0x0000000089d00000, 0x0000000089d00000| Complete 
| 158|0x0000000089e00000, 0x0000000089f00000, 0x0000000089f00000|100%| S|CS|TAMS 0x0000000089e00000, 0x0000000089e00000| Complete 
| 159|0x0000000089f00000, 0x0000000089f00000, 0x000000008a000000|  0%| F|  |TAMS 0x0000000089f00000, 0x0000000089f00000| Untracked 
| 160|0x000000008a000000, 0x000000008a000000, 0x000000008a100000|  0%| F|  |TAMS 0x000000008a000000, 0x000000008a000000| Untracked 
| 161|0x000000008a100000, 0x000000008a100000, 0x000000008a200000|  0%| F|  |TAMS 0x000000008a100000, 0x000000008a100000| Untracked 
| 162|0x000000008a200000, 0x000000008a200000, 0x000000008a300000|  0%| F|  |TAMS 0x000000008a200000, 0x000000008a200000| Untracked 
| 163|0x000000008a300000, 0x000000008a300000, 0x000000008a400000|  0%| F|  |TAMS 0x000000008a300000, 0x000000008a300000| Untracked 
| 164|0x000000008a400000, 0x000000008a400000, 0x000000008a500000|  0%| F|  |TAMS 0x000000008a400000, 0x000000008a400000| Untracked 
| 165|0x000000008a500000, 0x000000008a500000, 0x000000008a600000|  0%| F|  |TAMS 0x000000008a500000, 0x000000008a500000| Untracked 
| 166|0x000000008a600000, 0x000000008a600000, 0x000000008a700000|  0%| F|  |TAMS 0x000000008a600000, 0x000000008a600000| Untracked 
| 167|0x000000008a700000, 0x000000008a700000, 0x000000008a800000|  0%| F|  |TAMS 0x000000008a700000, 0x000000008a700000| Untracked 
| 168|0x000000008a800000, 0x000000008a800000, 0x000000008a900000|  0%| F|  |TAMS 0x000000008a800000, 0x000000008a800000| Untracked 
| 169|0x000000008a900000, 0x000000008a900000, 0x000000008aa00000|  0%| F|  |TAMS 0x000000008a900000, 0x000000008a900000| Untracked 
| 170|0x000000008aa00000, 0x000000008aa00000, 0x000000008ab00000|  0%| F|  |TAMS 0x000000008aa00000, 0x000000008aa00000| Untracked 
| 171|0x000000008ab00000, 0x000000008ab00000, 0x000000008ac00000|  0%| F|  |TAMS 0x000000008ab00000, 0x000000008ab00000| Untracked 
| 172|0x000000008ac00000, 0x000000008ac00000, 0x000000008ad00000|  0%| F|  |TAMS 0x000000008ac00000, 0x000000008ac00000| Untracked 
| 173|0x000000008ad00000, 0x000000008ad00000, 0x000000008ae00000|  0%| F|  |TAMS 0x000000008ad00000, 0x000000008ad00000| Untracked 
| 174|0x000000008ae00000, 0x000000008ae00000, 0x000000008af00000|  0%| F|  |TAMS 0x000000008ae00000, 0x000000008ae00000| Untracked 
| 175|0x000000008af00000, 0x000000008afed5c0, 0x000000008b000000| 92%| E|  |TAMS 0x000000008af00000, 0x000000008af00000| Complete 
| 176|0x000000008b000000, 0x000000008b100000, 0x000000008b100000|100%| E|CS|TAMS 0x000000008b000000, 0x000000008b000000| Complete 
| 177|0x000000008b100000, 0x000000008b200000, 0x000000008b200000|100%| E|CS|TAMS 0x000000008b100000, 0x000000008b100000| Complete 
| 178|0x000000008b200000, 0x000000008b300000, 0x000000008b300000|100%| E|CS|TAMS 0x000000008b200000, 0x000000008b200000| Complete 
| 179|0x000000008b300000, 0x000000008b400000, 0x000000008b400000|100%| E|CS|TAMS 0x000000008b300000, 0x000000008b300000| Complete 
| 180|0x000000008b400000, 0x000000008b500000, 0x000000008b500000|100%| E|CS|TAMS 0x000000008b400000, 0x000000008b400000| Complete 
| 181|0x000000008b500000, 0x000000008b600000, 0x000000008b600000|100%| E|CS|TAMS 0x000000008b500000, 0x000000008b500000| Complete 
| 182|0x000000008b600000, 0x000000008b700000, 0x000000008b700000|100%| E|CS|TAMS 0x000000008b600000, 0x000000008b600000| Complete 
| 183|0x000000008b700000, 0x000000008b800000, 0x000000008b800000|100%| E|CS|TAMS 0x000000008b700000, 0x000000008b700000| Complete 
| 184|0x000000008b800000, 0x000000008b900000, 0x000000008b900000|100%| E|CS|TAMS 0x000000008b800000, 0x000000008b800000| Complete 
| 185|0x000000008b900000, 0x000000008ba00000, 0x000000008ba00000|100%| E|CS|TAMS 0x000000008b900000, 0x000000008b900000| Complete 
| 186|0x000000008ba00000, 0x000000008bb00000, 0x000000008bb00000|100%| E|CS|TAMS 0x000000008ba00000, 0x000000008ba00000| Complete 
| 187|0x000000008bb00000, 0x000000008bc00000, 0x000000008bc00000|100%| E|CS|TAMS 0x000000008bb00000, 0x000000008bb00000| Complete 
| 188|0x000000008bc00000, 0x000000008bd00000, 0x000000008bd00000|100%| E|CS|TAMS 0x000000008bc00000, 0x000000008bc00000| Complete 
| 189|0x000000008bd00000, 0x000000008be00000, 0x000000008be00000|100%| E|CS|TAMS 0x000000008bd00000, 0x000000008bd00000| Complete 
| 190|0x000000008be00000, 0x000000008bf00000, 0x000000008bf00000|100%| E|CS|TAMS 0x000000008be00000, 0x000000008be00000| Complete 
| 191|0x000000008bf00000, 0x000000008c000000, 0x000000008c000000|100%| E|CS|TAMS 0x000000008bf00000, 0x000000008bf00000| Complete 

Card table byte_map: [0x00000272c8970000,0x00000272c8d70000] _byte_map_base: 0x00000272c8570000

Marking Bits (Prev, Next): (CMBitMap*) 0x00000272b3c6eb08, (CMBitMap*) 0x00000272b3c6eb40
 Prev Bits: [0x00000272c9170000, 0x00000272cb170000)
 Next Bits: [0x00000272cb170000, 0x00000272cd170000)

Polling page: 0x00000272b3a10000

Metaspace:

Usage:
  Non-class:    104.37 MB capacity,   102.03 MB ( 98%) used,     1.98 MB (  2%) free+waste,   365.19 KB ( <1%) overhead. 
      Class:     16.01 MB capacity,    14.72 MB ( 92%) used,     1.12 MB (  7%) free+waste,   166.38 KB (  1%) overhead. 
       Both:    120.38 MB capacity,   116.75 MB ( 97%) used,     3.10 MB (  3%) free+waste,   531.56 KB ( <1%) overhead. 

Virtual space:
  Non-class space:      106.00 MB reserved,     104.50 MB ( 99%) committed 
      Class space:        1.00 GB reserved,      16.13 MB (  2%) committed 
             Both:        1.10 GB reserved,     120.63 MB ( 11%) committed 

Chunk freelists:
   Non-Class:  3.00 KB
       Class:  0 bytes
        Both:  3.00 KB

MaxMetaspaceSize: 17179869184.00 GB
CompressedClassSpaceSize: 1.00 GB

CodeHeap 'non-profiled nmethods': size=120064Kb used=11552Kb max_used=11552Kb free=108511Kb
 bounds [0x00000272c0a10000, 0x00000272c1560000, 0x00000272c7f50000]
CodeHeap 'profiled nmethods': size=120000Kb used=41029Kb max_used=41029Kb free=78970Kb
 bounds [0x00000272b94e0000, 0x00000272bbd00000, 0x00000272c0a10000]
CodeHeap 'non-nmethods': size=5696Kb used=2353Kb max_used=2411Kb free=3343Kb
 bounds [0x00000272b8f50000, 0x00000272b91c0000, 0x00000272b94e0000]
 total_blobs=18583 nmethods=17605 adapters=886
 compilation: enabled
              stopped_count=0, restarted_count=0
 full_count=0

Compilation events (20 events):
Event: 284.635 Thread 0x00000272cf7ae800 17808       3       org.gradle.api.internal.file.AbstractFileResolver::convertObjectToURI (37 bytes)
Event: 284.636 Thread 0x00000272cf7ae800 nmethod 17808 0x00000272bbce0f10 code [0x00000272bbce1140, 0x00000272bbce1978]
Event: 284.636 Thread 0x00000272cf7ae800 17809       3       org.gradle.api.internal.artifacts.DefaultResolverResults::assertHasGraphResult (22 bytes)
Event: 284.637 Thread 0x00000272cf7ae800 nmethod 17809 0x00000272bbce1b90 code [0x00000272bbce1d60, 0x00000272bbce2008]
Event: 284.649 Thread 0x00000272d1431800 nmethod 17806 0x00000272c1556890 code [0x00000272c1556a80, 0x00000272c1557658]
Event: 284.672 Thread 0x00000272cf7ae800 17810       3       org.gradle.internal.extensibility.ConventionAwareHelper$2::doGetValue (8 bytes)
Event: 284.673 Thread 0x00000272cf7ae800 nmethod 17810 0x00000272bbce2110 code [0x00000272bbce22e0, 0x00000272bbce25b8]
Event: 284.674 Thread 0x00000272cf7ae800 17811       1       org.jetbrains.plugins.gradle.tooling.internal.ExtraModelBuilder$MyModelBuilderContext::setParameter (6 bytes)
Event: 284.674 Thread 0x00000272cf7ae800 nmethod 17811 0x00000272c1557990 code [0x00000272c1557b40, 0x00000272c1557c38]
Event: 284.674 Thread 0x00000272cf7ae800 17812       3       org.jetbrains.plugins.gradle.tooling.internal.ExtraModelBuilder::isVersionMatch (30 bytes)
Event: 284.675 Thread 0x00000272cf7ae800 nmethod 17812 0x00000272bbce2790 code [0x00000272bbce29e0, 0x00000272bbce32c8]
Event: 284.676 Thread 0x00000272d1431800 17813       4       org.gradle.api.internal.artifacts.transform.AttributeMatchingVariantSelector::doSelect (469 bytes)
Event: 284.783 Thread 0x00000272cf7ae800 17816       3       org.gradle.api.internal.artifacts.DefaultResolvedDependency::sort (40 bytes)
Event: 284.785 Thread 0x00000272cf7ae800 nmethod 17816 0x00000272bbce3610 code [0x00000272bbce3880, 0x00000272bbce44a8]
Event: 284.785 Thread 0x00000272cf7ae800 17817       3       org.gradle.api.internal.artifacts.DefaultResolvedDependency$ResolvedArtifactComparator::compare (98 bytes)
Event: 284.786 Thread 0x00000272cf7ae800 nmethod 17817 0x00000272bbce4910 code [0x00000272bbce4be0, 0x00000272bbce5898]
Event: 284.788 Thread 0x00000272cf7ae800 17818       1       org.gradle.internal.resource.transport.http.DefaultHttpSettings::getAuthenticationSettings (5 bytes)
Event: 284.788 Thread 0x00000272cf7ae800 nmethod 17818 0x00000272c1557c90 code [0x00000272c1557e40, 0x00000272c1557ef8]
Event: 284.883 Thread 0x00000272cf7ae800 17821       3       org.gradle.api.internal.artifacts.ivyservice.ivyresolve.ErrorHandlingModuleComponentRepository$ErrorHandlingModuleComponentRepositoryAccess$$Lambda$820/0x0000000100b4fc40::<init> (26 bytes)
Event: 284.884 Thread 0x00000272cf7ae800 nmethod 17821 0x00000272bbce5e90 code [0x00000272bbce6060, 0x00000272bbce6338]

GC Heap History (20 events):
Event: 233.479 GC heap before
{Heap before GC invocations=46 (full 0):
 garbage-first heap   total 196608K, used 164020K [0x0000000080000000, 0x0000000100000000)
  region size 1024K, 37 young (37888K), 4 survivors (4096K)
 Metaspace       used 118595K, capacity 122236K, committed 122624K, reserved 1155072K
  class space    used 15004K, capacity 16266K, committed 16384K, reserved 1048576K
}
Event: 233.489 GC heap after
{Heap after GC invocations=47 (full 0):
 garbage-first heap   total 196608K, used 133257K [0x0000000080000000, 0x0000000100000000)
  region size 1024K, 2 young (2048K), 2 survivors (2048K)
 Metaspace       used 118595K, capacity 122236K, committed 122624K, reserved 1155072K
  class space    used 15004K, capacity 16266K, committed 16384K, reserved 1048576K
}
Event: 233.536 GC heap before
{Heap before GC invocations=47 (full 0):
 garbage-first heap   total 196608K, used 140425K [0x0000000080000000, 0x0000000100000000)
  region size 1024K, 9 young (9216K), 2 survivors (2048K)
 Metaspace       used 118605K, capacity 122300K, committed 122624K, reserved 1155072K
  class space    used 15004K, capacity 16266K, committed 16384K, reserved 1048576K
}
Event: 233.546 GC heap after
{Heap after GC invocations=48 (full 0):
 garbage-first heap   total 196608K, used 133208K [0x0000000080000000, 0x0000000100000000)
  region size 1024K, 1 young (1024K), 1 survivors (1024K)
 Metaspace       used 118605K, capacity 122300K, committed 122624K, reserved 1155072K
  class space    used 15004K, capacity 16266K, committed 16384K, reserved 1048576K
}
Event: 233.613 GC heap before
{Heap before GC invocations=48 (full 0):
 garbage-first heap   total 196608K, used 148568K [0x0000000080000000, 0x0000000100000000)
  region size 1024K, 18 young (18432K), 1 survivors (1024K)
 Metaspace       used 118611K, capacity 122300K, committed 122624K, reserved 1155072K
  class space    used 15004K, capacity 16266K, committed 16384K, reserved 1048576K
}
Event: 233.616 GC heap after
{Heap after GC invocations=49 (full 0):
 garbage-first heap   total 196608K, used 133851K [0x0000000080000000, 0x0000000100000000)
  region size 1024K, 2 young (2048K), 2 survivors (2048K)
 Metaspace       used 118611K, capacity 122300K, committed 122624K, reserved 1155072K
  class space    used 15004K, capacity 16266K, committed 16384K, reserved 1048576K
}
Event: 233.851 GC heap before
{Heap before GC invocations=49 (full 0):
 garbage-first heap   total 196608K, used 166619K [0x0000000080000000, 0x0000000100000000)
  region size 1024K, 34 young (34816K), 2 survivors (2048K)
 Metaspace       used 118615K, capacity 122300K, committed 122624K, reserved 1155072K
  class space    used 15004K, capacity 16266K, committed 16384K, reserved 1048576K
}
Event: 233.853 GC heap after
{Heap after GC invocations=50 (full 0):
 garbage-first heap   total 196608K, used 135697K [0x0000000080000000, 0x0000000100000000)
  region size 1024K, 3 young (3072K), 3 survivors (3072K)
 Metaspace       used 118615K, capacity 122300K, committed 122624K, reserved 1155072K
  class space    used 15004K, capacity 16266K, committed 16384K, reserved 1048576K
}
Event: 235.032 GC heap before
{Heap before GC invocations=51 (full 0):
 garbage-first heap   total 196608K, used 168465K [0x0000000080000000, 0x0000000100000000)
  region size 1024K, 35 young (35840K), 3 survivors (3072K)
 Metaspace       used 118703K, capacity 122384K, committed 122624K, reserved 1155072K
  class space    used 15014K, capacity 16272K, committed 16384K, reserved 1048576K
}
Event: 235.038 GC heap after
{Heap after GC invocations=52 (full 0):
 garbage-first heap   total 196608K, used 134404K [0x0000000080000000, 0x0000000100000000)
  region size 1024K, 2 young (2048K), 2 survivors (2048K)
 Metaspace       used 118703K, capacity 122384K, committed 122624K, reserved 1155072K
  class space    used 15014K, capacity 16272K, committed 16384K, reserved 1048576K
}
Event: 235.176 GC heap before
{Heap before GC invocations=52 (full 0):
 garbage-first heap   total 196608K, used 140548K [0x0000000080000000, 0x0000000100000000)
  region size 1024K, 9 young (9216K), 2 survivors (2048K)
 Metaspace       used 118719K, capacity 122390K, committed 122624K, reserved 1155072K
  class space    used 15015K, capacity 16273K, committed 16384K, reserved 1048576K
}
Event: 235.187 GC heap after
{Heap after GC invocations=53 (full 0):
 garbage-first heap   total 196608K, used 132788K [0x0000000080000000, 0x0000000100000000)
  region size 1024K, 1 young (1024K), 1 survivors (1024K)
 Metaspace       used 118719K, capacity 122390K, committed 122624K, reserved 1155072K
  class space    used 15015K, capacity 16273K, committed 16384K, reserved 1048576K
}
Event: 235.797 GC heap before
{Heap before GC invocations=53 (full 0):
 garbage-first heap   total 196608K, used 166580K [0x0000000080000000, 0x0000000100000000)
  region size 1024K, 35 young (35840K), 1 survivors (1024K)
 Metaspace       used 118942K, capacity 122591K, committed 122880K, reserved 1155072K
  class space    used 15023K, capacity 16274K, committed 16384K, reserved 1048576K
}
Event: 235.808 GC heap after
{Heap after GC invocations=54 (full 0):
 garbage-first heap   total 196608K, used 134981K [0x0000000080000000, 0x0000000100000000)
  region size 1024K, 3 young (3072K), 3 survivors (3072K)
 Metaspace       used 118942K, capacity 122591K, committed 122880K, reserved 1155072K
  class space    used 15023K, capacity 16274K, committed 16384K, reserved 1048576K
}
Event: 283.537 GC heap before
{Heap before GC invocations=55 (full 0):
 garbage-first heap   total 196608K, used 167749K [0x0000000080000000, 0x0000000100000000)
  region size 1024K, 36 young (36864K), 3 survivors (3072K)
 Metaspace       used 119158K, capacity 122726K, committed 122880K, reserved 1155072K
  class space    used 15035K, capacity 16288K, committed 16384K, reserved 1048576K
}
Event: 283.549 GC heap after
{Heap after GC invocations=56 (full 0):
 garbage-first heap   total 196608K, used 136443K [0x0000000080000000, 0x0000000100000000)
  region size 1024K, 4 young (4096K), 4 survivors (4096K)
 Metaspace       used 119158K, capacity 122726K, committed 122880K, reserved 1155072K
  class space    used 15035K, capacity 16288K, committed 16384K, reserved 1048576K
}
Event: 283.772 GC heap before
{Heap before GC invocations=56 (full 0):
 garbage-first heap   total 196608K, used 141563K [0x0000000080000000, 0x0000000100000000)
  region size 1024K, 9 young (9216K), 4 survivors (4096K)
 Metaspace       used 119175K, capacity 122742K, committed 122880K, reserved 1155072K
  class space    used 15037K, capacity 16291K, committed 16384K, reserved 1048576K
}
Event: 283.788 GC heap after
{Heap after GC invocations=57 (full 0):
 garbage-first heap   total 196608K, used 136334K [0x0000000080000000, 0x0000000100000000)
  region size 1024K, 2 young (2048K), 2 survivors (2048K)
 Metaspace       used 119175K, capacity 122742K, committed 122880K, reserved 1155072K
  class space    used 15037K, capacity 16291K, committed 16384K, reserved 1048576K
}
Event: 284.471 GC heap before
{Heap before GC invocations=57 (full 0):
 garbage-first heap   total 196608K, used 168078K [0x0000000080000000, 0x0000000100000000)
  region size 1024K, 33 young (33792K), 2 survivors (2048K)
 Metaspace       used 119510K, capacity 123173K, committed 123392K, reserved 1157120K
  class space    used 15071K, capacity 16384K, committed 16384K, reserved 1048576K
}
Event: 284.487 GC heap after
{Heap after GC invocations=58 (full 0):
 garbage-first heap   total 196608K, used 138427K [0x0000000080000000, 0x0000000100000000)
  region size 1024K, 4 young (4096K), 4 survivors (4096K)
 Metaspace       used 119510K, capacity 123173K, committed 123392K, reserved 1157120K
  class space    used 15071K, capacity 16384K, committed 16384K, reserved 1048576K
}

Deoptimization events (20 events):
Event: 284.392 Thread 0x00000272d142d000 DEOPT PACKING pc=0x00000272b9fd58d3 sp=0x000000a8b12f97c0
Event: 284.392 Thread 0x00000272d142d000 DEOPT UNPACKING pc=0x00000272b8f776ce sp=0x000000a8b12f8d40 mode 0
Event: 284.399 Thread 0x00000272d142d000 Uncommon trap: trap_request=0xffffffbe fr.pc=0x00000272c1532aa8 relative=0x0000000000000868
Event: 284.399 Thread 0x00000272d142d000 Uncommon trap: reason=profile_predicate action=maybe_recompile pc=0x00000272c1532aa8 method=groovy.lang.MetaClassImpl$MethodIndexAction.iterate()V @ 78 c2
Event: 284.399 Thread 0x00000272d142d000 DEOPT PACKING pc=0x00000272c1532aa8 sp=0x000000a8b12f52e0
Event: 284.399 Thread 0x00000272d142d000 DEOPT UNPACKING pc=0x00000272b8f778af sp=0x000000a8b12f52b8 mode 2
Event: 284.399 Thread 0x00000272d142d000 Uncommon trap: trap_request=0xffffffbe fr.pc=0x00000272c1532aa8 relative=0x0000000000000868
Event: 284.399 Thread 0x00000272d142d000 Uncommon trap: reason=profile_predicate action=maybe_recompile pc=0x00000272c1532aa8 method=groovy.lang.MetaClassImpl$MethodIndexAction.iterate()V @ 78 c2
Event: 284.399 Thread 0x00000272d142d000 DEOPT PACKING pc=0x00000272c1532aa8 sp=0x000000a8b12f52e0
Event: 284.399 Thread 0x00000272d142d000 DEOPT UNPACKING pc=0x00000272b8f778af sp=0x000000a8b12f52b8 mode 2
Event: 284.517 Thread 0x00000272d142d000 DEOPT PACKING pc=0x00000272bb53aeb0 sp=0x000000a8b12f9550
Event: 284.517 Thread 0x00000272d142d000 DEOPT UNPACKING pc=0x00000272b8f776ce sp=0x000000a8b12f8a70 mode 0
Event: 284.537 Thread 0x00000272d142d000 Uncommon trap: trap_request=0xfffffff4 fr.pc=0x00000272c154ccfc relative=0x000000000000015c
Event: 284.537 Thread 0x00000272d142d000 Uncommon trap: reason=null_check action=make_not_entrant pc=0x00000272c154ccfc method=org.gradle.api.internal.collections.CollectionFilter.filter(Ljava/lang/Object;)Ljava/lang/Object; @ 5 c2
Event: 284.537 Thread 0x00000272d142d000 DEOPT PACKING pc=0x00000272c154ccfc sp=0x000000a8b12f9d10
Event: 284.537 Thread 0x00000272d142d000 DEOPT UNPACKING pc=0x00000272b8f778af sp=0x000000a8b12f9cb0 mode 2
Event: 284.787 Thread 0x00000272d142d000 Uncommon trap: trap_request=0xffffffbe fr.pc=0x00000272c0e675d0 relative=0x0000000000000cb0
Event: 284.787 Thread 0x00000272d142d000 Uncommon trap: reason=profile_predicate action=maybe_recompile pc=0x00000272c0e675d0 method=java.util.TreeMap.getEntryUsingComparator(Ljava/lang/Object;)Ljava/util/TreeMap$Entry; @ 19 c2
Event: 284.787 Thread 0x00000272d142d000 DEOPT PACKING pc=0x00000272c0e675d0 sp=0x000000a8b12fac40
Event: 284.787 Thread 0x00000272d142d000 DEOPT UNPACKING pc=0x00000272b8f778af sp=0x000000a8b12fab60 mode 2

Classes redefined (0 events):
No events

Internal exceptions (20 events):
Event: 283.464 Thread 0x00000272d142d000 Exception <a 'java/lang/ClassNotFoundException'{0x000000008a0fc8a8}: sync_studio_tooling13007_ebv879onz3letmsv6w075fiq7BeanInfo> (0x000000008a0fc8a8) thrown at [./src/hotspot/share/classfile/systemDictionary.cpp, line 231]
Event: 283.464 Thread 0x00000272d142d000 Exception <a 'java/lang/ClassNotFoundException'{0x0000000089f09738}: sync_studio_tooling13007_ebv879onz3letmsv6w075fiq7Customizer> (0x0000000089f09738) thrown at [./src/hotspot/share/classfile/systemDictionary.cpp, line 231]
Event: 283.522 Thread 0x00000272d34c8000 Exception <a 'sun/nio/fs/WindowsException'{0x0000000089f7e080}> (0x0000000089f7e080) thrown at [./src/hotspot/share/prims/jni.cpp, line 615]
Event: 283.530 Thread 0x00000272d34c8000 Exception <a 'sun/nio/fs/WindowsException'{0x0000000089fe5a70}> (0x0000000089fe5a70) thrown at [./src/hotspot/share/prims/jni.cpp, line 615]
Event: 283.533 Thread 0x00000272d34c8000 Exception <a 'sun/nio/fs/WindowsException'{0x0000000089fe5bd8}> (0x0000000089fe5bd8) thrown at [./src/hotspot/share/prims/jni.cpp, line 615]
Event: 283.558 Thread 0x00000272d142d000 Exception <a 'java/lang/ClassNotFoundException'{0x000000008bf55150}: sync_studio_tooling13007_ebv879onz3letmsv6w075fiq7BeanInfo> (0x000000008bf55150) thrown at [./src/hotspot/share/classfile/systemDictionary.cpp, line 231]
Event: 283.558 Thread 0x00000272d142d000 Exception <a 'java/lang/ClassNotFoundException'{0x000000008bf61d30}: sync_studio_tooling13007_ebv879onz3letmsv6w075fiq7Customizer> (0x000000008bf61d30) thrown at [./src/hotspot/share/classfile/systemDictionary.cpp, line 231]
Event: 284.156 Thread 0x00000272d142d000 Exception <a 'java/lang/ClassNotFoundException'{0x000000008ad795e0}: build_4bf6ecwe5mx6ve4i11ijrlzb0BeanInfo> (0x000000008ad795e0) thrown at [./src/hotspot/share/classfile/systemDictionary.cpp, line 231]
Event: 284.156 Thread 0x00000272d142d000 Exception <a 'java/lang/ClassNotFoundException'{0x000000008ad844a8}: build_4bf6ecwe5mx6ve4i11ijrlzb0Customizer> (0x000000008ad844a8) thrown at [./src/hotspot/share/classfile/systemDictionary.cpp, line 231]
Event: 284.205 Thread 0x00000272d142d000 Exception <a 'sun/nio/fs/WindowsException'{0x000000008ab69798}> (0x000000008ab69798) thrown at [./src/hotspot/share/prims/jni.cpp, line 615]
Event: 284.371 Thread 0x00000272d34c8000 Exception <a 'sun/nio/fs/WindowsException'{0x000000008a599a78}> (0x000000008a599a78) thrown at [./src/hotspot/share/prims/jni.cpp, line 615]
Event: 284.382 Thread 0x00000272d34c8000 Exception <a 'sun/nio/fs/WindowsException'{0x000000008a35c870}> (0x000000008a35c870) thrown at [./src/hotspot/share/prims/jni.cpp, line 615]
Event: 284.384 Thread 0x00000272d34c8000 Exception <a 'sun/nio/fs/WindowsException'{0x000000008a35c9d8}> (0x000000008a35c9d8) thrown at [./src/hotspot/share/prims/jni.cpp, line 615]
Event: 284.391 Thread 0x00000272d142d000 Exception <a 'java/lang/ClassNotFoundException'{0x000000008a37cc88}: build_4bf6ecwe5mx6ve4i11ijrlzb0BeanInfo> (0x000000008a37cc88) thrown at [./src/hotspot/share/classfile/systemDictionary.cpp, line 231]
Event: 284.391 Thread 0x00000272d142d000 Exception <a 'java/lang/ClassNotFoundException'{0x000000008a387b50}: build_4bf6ecwe5mx6ve4i11ijrlzb0Customizer> (0x000000008a387b50) thrown at [./src/hotspot/share/classfile/systemDictionary.cpp, line 231]
Event: 284.399 Thread 0x00000272d142d000 Exception <a 'java/lang/ClassNotFoundException'{0x000000008a2050b8}: build_4bf6ecwe5mx6ve4i11ijrlzb0$_run_closure1$_closure4BeanInfo> (0x000000008a2050b8) thrown at [./src/hotspot/share/classfile/systemDictionary.cpp, line 231]
Event: 284.400 Thread 0x00000272d142d000 Exception <a 'java/lang/ClassNotFoundException'{0x000000008a213aa0}: build_4bf6ecwe5mx6ve4i11ijrlzb0$_run_closure1$_closure4Customizer> (0x000000008a213aa0) thrown at [./src/hotspot/share/classfile/systemDictionary.cpp, line 231]
Event: 284.401 Thread 0x00000272d142d000 Exception <a 'java/lang/ClassNotFoundException'{0x000000008a23b538}: build_4bf6ecwe5mx6ve4i11ijrlzb0$_run_closure1BeanInfo> (0x000000008a23b538) thrown at [./src/hotspot/share/classfile/systemDictionary.cpp, line 231]
Event: 284.402 Thread 0x00000272d142d000 Exception <a 'java/lang/ClassNotFoundException'{0x000000008a249438}: build_4bf6ecwe5mx6ve4i11ijrlzb0$_run_closure1Customizer> (0x000000008a249438) thrown at [./src/hotspot/share/classfile/systemDictionary.cpp, line 231]
Event: 284.537 Thread 0x00000272d142d000 Implicit null exception at 0x00000272c154cbe1 to 0x00000272c154cce8

Events (20 events):
Event: 284.579 Executing VM operation: RevokeBias done
Event: 284.638 Thread 0x00000272dc3ad000 Thread added: 0x00000272dc3ad000
Event: 284.638 Thread 0x00000272dc3af000 Thread added: 0x00000272dc3af000
Event: 284.639 Thread 0x00000272dc3b0000 Thread added: 0x00000272dc3b0000
Event: 284.669 Executing VM operation: RevokeBias
Event: 284.669 Executing VM operation: RevokeBias done
Event: 284.670 Executing VM operation: RevokeBias
Event: 284.670 Executing VM operation: RevokeBias done
Event: 284.670 Thread 0x00000272dc3ad000 Thread exited: 0x00000272dc3ad000
Event: 284.670 Executing VM operation: RevokeBias
Event: 284.670 Thread 0x00000272dc3b0000 Thread exited: 0x00000272dc3b0000
Event: 284.671 Executing VM operation: RevokeBias done
Event: 284.671 Thread 0x00000272dc3af000 Thread exited: 0x00000272dc3af000
Event: 284.671 Executing VM operation: RevokeBias
Event: 284.672 Executing VM operation: RevokeBias done
Event: 284.672 Thread 0x00000272d34cb000 Thread exited: 0x00000272d34cb000
Event: 284.856 Executing VM operation: CGC_Operation
Event: 284.875 Executing VM operation: CGC_Operation done
Event: 285.064 Executing VM operation: CGC_Operation
Event: 285.069 Executing VM operation: CGC_Operation done


Dynamic libraries:
0x00007ff749950000 - 0x00007ff74995a000 	C:\Program Files\Android\Android Studio4\jre\bin\java.exe
0x00007ff8596d0000 - 0x00007ff8598c7000 	C:\WINDOWS\SYSTEM32\ntdll.dll
0x00007ff8584d0000 - 0x00007ff85858d000 	C:\WINDOWS\System32\KERNEL32.DLL
0x00007ff857190000 - 0x00007ff85745d000 	C:\WINDOWS\System32\KERNELBASE.dll
0x00007ff856ec0000 - 0x00007ff856fc0000 	C:\WINDOWS\System32\ucrtbase.dll
0x00007ff841d10000 - 0x00007ff841d27000 	C:\Program Files\Android\Android Studio4\jre\bin\VCRUNTIME140.dll
0x00007ff84dda0000 - 0x00007ff84ddb9000 	C:\Program Files\Android\Android Studio4\jre\bin\jli.dll
0x00007ff857c00000 - 0x00007ff857da0000 	C:\WINDOWS\System32\USER32.dll
0x00007ff83f150000 - 0x00007ff83f3ea000 	C:\WINDOWS\WinSxS\amd64_microsoft.windows.common-controls_6595b64144ccf1df_6.0.19041.1110_none_60b5254171f9507e\COMCTL32.dll
0x00007ff857700000 - 0x00007ff857722000 	C:\WINDOWS\System32\win32u.dll
0x00007ff858960000 - 0x00007ff8589fe000 	C:\WINDOWS\System32\msvcrt.dll
0x00007ff858730000 - 0x00007ff85875a000 	C:\WINDOWS\System32\GDI32.dll
0x00007ff857080000 - 0x00007ff85718b000 	C:\WINDOWS\System32\gdi32full.dll
0x00007ff856df0000 - 0x00007ff856e8d000 	C:\WINDOWS\System32\msvcp_win.dll
0x00007ff858b80000 - 0x00007ff858bb0000 	C:\WINDOWS\System32\IMM32.DLL
0x00007ff839490000 - 0x00007ff83952d000 	C:\Program Files\Android\Android Studio4\jre\bin\msvcp140.dll
0x00007fffd54c0000 - 0x00007fffd5f8f000 	C:\Program Files\Android\Android Studio4\jre\bin\server\jvm.dll
0x00007ff8588b0000 - 0x00007ff85895e000 	C:\WINDOWS\System32\ADVAPI32.dll
0x00007ff858bb0000 - 0x00007ff858c4c000 	C:\WINDOWS\System32\sechost.dll
0x00007ff858600000 - 0x00007ff858725000 	C:\WINDOWS\System32\RPCRT4.dll
0x00007ff858760000 - 0x00007ff858768000 	C:\WINDOWS\System32\PSAPI.DLL
0x00007ff8427f0000 - 0x00007ff8427f9000 	C:\WINDOWS\SYSTEM32\WSOCK32.dll
0x00007ff840bc0000 - 0x00007ff840be7000 	C:\WINDOWS\SYSTEM32\WINMM.dll
0x00007ff858590000 - 0x00007ff8585fb000 	C:\WINDOWS\System32\WS2_32.dll
0x00007ff84ec00000 - 0x00007ff84ec0a000 	C:\WINDOWS\SYSTEM32\VERSION.dll
0x00007ff854cf0000 - 0x00007ff854d02000 	C:\WINDOWS\SYSTEM32\kernel.appcore.dll
0x00007ff84cb20000 - 0x00007ff84cb31000 	C:\Program Files\Android\Android Studio4\jre\bin\verify.dll
0x00007ff8545a0000 - 0x00007ff854784000 	C:\WINDOWS\SYSTEM32\DBGHELP.DLL
0x00007ff84d990000 - 0x00007ff84d9bc000 	C:\WINDOWS\SYSTEM32\dbgcore.DLL
0x00007ff8575c0000 - 0x00007ff857642000 	C:\WINDOWS\System32\bcryptPrimitives.dll
0x00007ff84caf0000 - 0x00007ff84cb19000 	C:\Program Files\Android\Android Studio4\jre\bin\java.dll
0x00007ff84cae0000 - 0x00007ff84caeb000 	C:\Program Files\Android\Android Studio4\jre\bin\jimage.dll
0x00007ff845b00000 - 0x00007ff845b18000 	C:\Program Files\Android\Android Studio4\jre\bin\zip.dll
0x00007ff858c50000 - 0x00007ff859394000 	C:\WINDOWS\System32\SHELL32.dll
0x00007ff854ef0000 - 0x00007ff855684000 	C:\WINDOWS\SYSTEM32\windows.storage.dll
0x00007ff857ee0000 - 0x00007ff858234000 	C:\WINDOWS\System32\combase.dll
0x00007ff856850000 - 0x00007ff85687c000 	C:\WINDOWS\SYSTEM32\Wldp.dll
0x00007ff857da0000 - 0x00007ff857e4d000 	C:\WINDOWS\System32\SHCORE.dll
0x00007ff857ba0000 - 0x00007ff857bf5000 	C:\WINDOWS\System32\shlwapi.dll
0x00007ff856d30000 - 0x00007ff856d4f000 	C:\WINDOWS\SYSTEM32\profapi.dll
0x00007ff845ae0000 - 0x00007ff845afa000 	C:\Program Files\Android\Android Studio4\jre\bin\net.dll
0x00007ff84d030000 - 0x00007ff84d13a000 	C:\WINDOWS\SYSTEM32\WINHTTP.dll
0x00007ff8565b0000 - 0x00007ff85661a000 	C:\WINDOWS\system32\mswsock.dll
0x00007ff845ac0000 - 0x00007ff845ad4000 	C:\Program Files\Android\Android Studio4\jre\bin\nio.dll
0x00007ff84c530000 - 0x00007ff84c557000 	C:\Users\leoba\.gradle\native\8bec1ad78214c89d9ad589b4d07fe93259594b29d510b10fafb7a158f7737e5d\windows-amd64\native-platform.dll
0x00007ff832f50000 - 0x00007ff83308d000 	C:\Users\leoba\.gradle\native\53dbd7edfb1c66fb8903c78663c9afc45aea4f116125fa6feffd364cf09443e8\windows-amd64\native-platform-file-events.dll
0x00007ff84cad0000 - 0x00007ff84cada000 	C:\Program Files\Android\Android Studio4\jre\bin\management.dll
0x00007ff845940000 - 0x00007ff84594c000 	C:\Program Files\Android\Android Studio4\jre\bin\management_ext.dll
0x00007ff8567a0000 - 0x00007ff8567b8000 	C:\WINDOWS\SYSTEM32\CRYPTSP.dll
0x00007ff855ec0000 - 0x00007ff855ef4000 	C:\WINDOWS\system32\rsaenh.dll
0x00007ff856e90000 - 0x00007ff856eb7000 	C:\WINDOWS\System32\bcrypt.dll
0x00007ff856cf0000 - 0x00007ff856d1e000 	C:\WINDOWS\SYSTEM32\USERENV.dll
0x00007ff8567c0000 - 0x00007ff8567cc000 	C:\WINDOWS\SYSTEM32\CRYPTBASE.dll
0x00007ff856250000 - 0x00007ff85628b000 	C:\WINDOWS\SYSTEM32\IPHLPAPI.DLL
0x00007ff8595d0000 - 0x00007ff8595d8000 	C:\WINDOWS\System32\NSI.dll
0x00007ff84d970000 - 0x00007ff84d987000 	C:\WINDOWS\SYSTEM32\dhcpcsvc6.DLL
0x00007ff84e040000 - 0x00007ff84e05d000 	C:\WINDOWS\SYSTEM32\dhcpcsvc.DLL
0x00007ff856290000 - 0x00007ff85635b000 	C:\WINDOWS\SYSTEM32\DNSAPI.dll
0x00007ff855af0000 - 0x00007ff855b23000 	C:\WINDOWS\SYSTEM32\ntmarta.dll
0x00007ff84e980000 - 0x00007ff84e9a7000 	C:\Program Files\Android\Android Studio4\jre\bin\sunec.dll
0x00007ff84fb70000 - 0x00007ff84fb7a000 	C:\Windows\System32\rasadhlp.dll
0x00007ff84b0a0000 - 0x00007ff84b120000 	C:\WINDOWS\System32\fwpuclnt.dll

dbghelp: loaded successfully - version: 4.0.5 - missing functions: none
symbol engine: initialized successfully - sym options: 0x614 - pdb path: .;C:\Program Files\Android\Android Studio4\jre\bin;C:\WINDOWS\SYSTEM32;C:\WINDOWS\WinSxS\amd64_microsoft.windows.common-controls_6595b64144ccf1df_6.0.19041.1110_none_60b5254171f9507e;C:\Program Files\Android\Android Studio4\jre\bin\server;C:\Users\leoba\.gradle\native\8bec1ad78214c89d9ad589b4d07fe93259594b29d510b10fafb7a158f7737e5d\windows-amd64;C:\Users\leoba\.gradle\native\53dbd7edfb1c66fb8903c78663c9afc45aea4f116125fa6feffd364cf09443e8\windows-amd64

VM Arguments:
jvm_args: --add-opens=java.base/java.util=ALL-UNNAMED --add-opens=java.base/java.lang=ALL-UNNAMED --add-opens=java.base/java.lang.invoke=ALL-UNNAMED --add-opens=java.base/java.util=ALL-UNNAMED --add-opens=java.prefs/java.util.prefs=ALL-UNNAMED --add-opens=java.prefs/java.util.prefs=ALL-UNNAMED --add-opens=java.base/java.nio.charset=ALL-UNNAMED --add-opens=java.base/java.net=ALL-UNNAMED --add-opens=java.base/java.util.concurrent.atomic=ALL-UNNAMED -Xmx2048m -Dfile.encoding=UTF-8 -Duser.country=ES -Duser.language=es -Duser.variant 
java_command: org.gradle.launcher.daemon.bootstrap.GradleDaemon 7.0.2
java_class_path (initial): C:\Users\leoba\.gradle\wrapper\dists\gradle-7.0.2-bin\857tjihv64xamwrf0h14cai3r\gradle-7.0.2\lib\gradle-launcher-7.0.2.jar
Launcher Type: SUN_STANDARD

[Global flags]
     intx CICompilerCount                          = 3                                         {product} {ergonomic}
     uint ConcGCThreads                            = 1                                         {product} {ergonomic}
     uint G1ConcRefinementThreads                  = 4                                         {product} {ergonomic}
   size_t G1HeapRegionSize                         = 1048576                                   {product} {ergonomic}
    uintx GCDrainStackTargetSize                   = 64                                        {product} {ergonomic}
   size_t InitialHeapSize                          = 201326592                                 {product} {ergonomic}
   size_t MarkStackSize                            = 4194304                                   {product} {ergonomic}
   size_t MaxHeapSize                              = 2147483648                                {product} {command line}
   size_t MaxNewSize                               = 1287651328                                {product} {ergonomic}
   size_t MinHeapDeltaBytes                        = 1048576                                   {product} {ergonomic}
    uintx NonNMethodCodeHeapSize                   = 5830732                                {pd product} {ergonomic}
    uintx NonProfiledCodeHeapSize                  = 122913754                              {pd product} {ergonomic}
    uintx ProfiledCodeHeapSize                     = 122913754                              {pd product} {ergonomic}
    uintx ReservedCodeCacheSize                    = 251658240                              {pd product} {ergonomic}
     bool SegmentedCodeCache                       = true                                      {product} {ergonomic}
     bool UseCompressedClassPointers               = true                                 {lp64_product} {ergonomic}
     bool UseCompressedOops                        = true                                 {lp64_product} {ergonomic}
     bool UseG1GC                                  = true                                      {product} {ergonomic}
     bool UseLargePagesIndividualAllocation        = false                                  {pd product} {ergonomic}

Logging:
Log output configuration:
 #0: stdout all=warning uptime,level,tags
 #1: stderr all=off uptime,level,tags

Environment Variables:
PATH=C:\Program Files (x86)\Intel\Intel(R) Management Engine Components\iCLS\;C:\Program Files\Intel\Intel(R) Management Engine Components\iCLS\;C:\WINDOWS\system32;C:\WINDOWS;C:\WINDOWS\System32\Wbem;C:\WINDOWS\System32\WindowsPowerShell\v1.0\;C:\Program Files (x86)\Intel\Intel(R) Management Engine Components\DAL;C:\Program Files\Intel\Intel(R) Management Engine Components\DAL;C:\Program Files (x86)\Intel\Intel(R) Management Engine Components\IPT;C:\Program Files\Intel\Intel(R) Management Engine Components\IPT;c:\Program Files (x86)\Microsoft SQL Server\100\Tools\Binn\;c:\Program Files\Microsoft SQL Server\100\Tools\Binn\;c:\Program Files\Microsoft SQL Server\100\DTS\Binn\;c:\Program Files (x86)\Microsoft SQL Server\100\Tools\Binn\VSShell\Common7\IDE\;c:\Program Files (x86)\Microsoft SQL Server\100\DTS\Binn\;C:\Users\leoba\.dnx\bin;C:\Program Files\Microsoft DNX\Dnvm\;C:\Program Files\Microsoft SQL Server\130\Tools\Binn\;C:\WINDOWS\System32\OpenSSH\;C:\Program Files\Git\cmd;C:\Users\leoba\AppData\Local\Microsoft\WindowsApps;C:\Users\leoba\AppData\Local\GitHubDesktop\bin;%USERPROFILE%\AppData\Local\Microsoft\WindowsApps;
USERNAME=leoba
OS=Windows_NT
PROCESSOR_IDENTIFIER=Intel64 Family 6 Model 142 Stepping 10, GenuineIntel



---------------  S Y S T E M  ---------------

OS: Windows 10 , 64 bit Build 19041 (10.0.19041.1741)
OS uptime: 4 days 11:17 hours

CPU:total 4 (initial active 4) (2 cores per cpu, 2 threads per core) family 6 model 142 stepping 10 microcode 0xb4, cmov, cx8, fxsr, mmx, sse, sse2, sse3, ssse3, sse4.1, sse4.2, popcnt, avx, avx2, aes, clmul, erms, 3dnowpref, lzcnt, ht, tsc, tscinvbit, bmi1, bmi2, adx, fma

Memory: 4k page, system-wide physical 12197M (460M free)
TotalPageFile size 12197M (AvailPageFile size 7M)
current process WorkingSet (physical memory assigned to process): 517M, peak: 520M
current process commit charge ("private bytes"): 548M, peak: 551M

vm_info: OpenJDK 64-Bit Server VM (11.0.10+0-b96-7249189) for windows-amd64 JRE (11.0.10+0-b96-7249189), built on Mar 31 2021 21:44:00 by "builder" with MS VC++ 14.0 (VS2015)

END.
